SF:/Users/mafreud/Developers/openci_inc/openci/packages/genuine_ci/lib/src/command_runner.dart
DA:4,0
DA:8,0
DA:10,0
DA:14,0
DA:15,0
DA:16,0
DA:17,0
DA:18,0
DA:19,0
DA:22,0
DA:23,0
DA:24,0
DA:25,0
DA:26,0
DA:27,0
DA:30,0
DA:32,0
DA:34,0
DA:35,0
DA:38,0
DA:39,0
DA:41,0
LF:22
LH:0
end_of_record
SF:/Users/mafreud/Developers/openci_inc/openci/packages/genuine_ci/lib/src/genuine_ci.dart
DA:5,0
DA:25,0
DA:34,0
DA:35,0
DA:46,0
DA:54,0
DA:58,0
DA:60,0
DA:61,0
LF:9
LH:0
end_of_record
SF:/Users/mafreud/Developers/openci_inc/openci/packages/genuine_ci/lib/src/workspace.dart
DA:6,1
DA:10,1
DA:11,2
DA:12,2
DA:15,0
DA:19,0
DA:20,0
DA:21,0
DA:22,0
DA:26,1
DA:27,2
DA:28,3
LF:12
LH:7
end_of_record
